<?xml version="1.0" encoding="UTF-8"?>
<!-- Generated by org.testng.reporters.JUnitXMLReporter -->
<testsuite ignored="4" hostname="ULADZIMIR.local" failures="0" tests="1" name="Car Loan" time="0.002" errors="0" timestamp="2024-03-15T13:46:26 CET">
  <testcase classname="myTests.Day3" name="webLoginCarLoan" time="0.001"/>
  <testcase classname="myTests.Day3" name="apiLoginCarLoanSignIn" time="0.0">
    <ignored/>
  </testcase> <!-- apiLoginCarLoanSignIn -->
  <testcase classname="myTests.Day3" name="apiLoginCarLoanSignOut" time="0.0">
    <ignored/>
  </testcase> <!-- apiLoginCarLoanSignOut -->
  <testcase classname="myTests.Day3" name="mobileLoginCarLoan" time="0.0">
    <ignored/>
  </testcase> <!-- mobileLoginCarLoan -->
  <testcase classname="myTests.Day3" name="smokeTestOneDay3" time="0.0">
    <ignored/>
  </testcase> <!-- smokeTestOneDay3 -->
</testsuite> <!-- Car Loan -->
