<?xml version="1.0" encoding="UTF-8"?>
<!-- Generated by org.testng.reporters.JUnitXMLReporter -->
<testsuite ignored="0" hostname="ULADZIMIR.local" failures="0" tests="14" name="Permanent Loan" time="0.065" errors="0" timestamp="2024-03-15T13:46:26 CET">
  <testcase classname="myTests.Day2" name="smokeTestOneDay2" time="0.0"/>
  <testcase classname="myTests.Day2" name="testDay2" time="0.001"/>
  <testcase classname="myTests.Day4" name="apiLoginCarLoan" time="0.002"/>
  <testcase classname="myTests.Day4" name="mobileLoginCarLoan" time="0.001"/>
  <testcase classname="myTests.Day4" name="smokeTestOneDay4" time="0.001"/>
  <testcase classname="myTests.Day4" name="webLoginCarLoan" time="0.0"/>
  <testcase classname="myTests.Day5" name="aDay5" time="0.001"/>
  <testcase classname="myTests.Day5" name="bDay5" time="0.0"/>
  <testcase classname="myTests.Day5" name="cDay5" time="0.0"/>
  <testcase classname="myTests.Day5" name="smokeTestOneDay5" time="0.001"/>
  <testcase classname="myTests.Day6" name="testOneDay6" time="0.001"/>
  <testcase classname="myTests.Day6" name="testTwoDay6" time="0.0"/>
  <testcase classname="myTests.Day6" name="testTwoDay6" time="0.001"/>
  <testcase classname="myTests.Day6" name="testTwoDay6" time="0.001"/>
</testsuite> <!-- Permanent Loan -->
