<?xml version="1.0" encoding="UTF-8"?>
<!-- Generated by org.testng.reporters.JUnitXMLReporter -->
<testsuite ignored="15" hostname="ULADZIMIR.local" failures="0" tests="4" name="Regression" time="0.052" errors="0" timestamp="2024-03-15T13:39:26 CET">
  <testcase classname="myTests.Day1" name="smokeTestOneDay1" time="0.005"/>
  <testcase classname="myTests.Day2" name="smokeTestOneDay2" time="0.005"/>
  <testcase classname="myTests.Day5" name="smokeTestOneDay5" time="0.002"/>
  <testcase classname="myTests.Day4" name="smokeTestOneDay4" time="0.002"/>
  <testcase classname="myTests.Day3" name="smokeTestOneDay3" time="0.0">
    <ignored/>
  </testcase> <!-- smokeTestOneDay3 -->
  <testcase classname="myTests.Day1" name="testOneDay1" time="0.0">
    <ignored/>
  </testcase> <!-- testOneDay1 -->
  <testcase classname="myTests.Day5" name="cDay5" time="0.0">
    <ignored/>
  </testcase> <!-- cDay5 -->
  <testcase classname="myTests.Day5" name="aDay5" time="0.0">
    <ignored/>
  </testcase> <!-- aDay5 -->
  <testcase classname="myTests.Day2" name="testDay2" time="0.0">
    <ignored/>
  </testcase> <!-- testDay2 -->
  <testcase classname="myTests.Day3" name="webLoginCarLoan" time="0.0">
    <ignored/>
  </testcase> <!-- webLoginCarLoan -->
  <testcase classname="myTests.Day3" name="mobileLoginCarLoan" time="0.0">
    <ignored/>
  </testcase> <!-- mobileLoginCarLoan -->
  <testcase classname="myTests.Day1" name="testTwoDay3" time="0.0">
    <ignored/>
  </testcase> <!-- testTwoDay3 -->
  <testcase classname="myTests.Day4" name="apiLoginCarLoan" time="0.0">
    <ignored/>
  </testcase> <!-- apiLoginCarLoan -->
  <testcase classname="myTests.Day5" name="bDay5" time="0.0">
    <ignored/>
  </testcase> <!-- bDay5 -->
  <testcase classname="myTests.Day4" name="mobileLoginCarLoan" time="0.0">
    <ignored/>
  </testcase> <!-- mobileLoginCarLoan -->
  <testcase classname="myTests.Day4" name="webLoginCarLoan" time="0.0">
    <ignored/>
  </testcase> <!-- webLoginCarLoan -->
  <testcase classname="myTests.Day3" name="apiLoginCarLoanSignIn" time="0.0">
    <ignored/>
  </testcase> <!-- apiLoginCarLoanSignIn -->
  <testcase classname="myTests.Day1" name="testTwoDay1" time="0.0">
    <ignored/>
  </testcase> <!-- testTwoDay1 -->
  <testcase classname="myTests.Day3" name="apiLoginCarLoanSignOut" time="0.0">
    <ignored/>
  </testcase> <!-- apiLoginCarLoanSignOut -->
</testsuite> <!-- Regression -->
