<?xml version="1.0" encoding="UTF-8"?>
<testng-results ignored="0" total="15" passed="15" failed="0" skipped="0">
  <reporter-output>
  </reporter-output>
  <suite started-at="2024-03-15T13:46:26 CET" name="Loans" finished-at="2024-03-15T13:46:26 CET" duration-ms="121">
    <groups>
      <group name="Smoke">
        <method signature="Day2.smokeTestOneDay2()[pri:0, instance:myTests.Day2@255b53dc]" name="smokeTestOneDay2" class="myTests.Day2"/>
        <method signature="Day4.smokeTestOneDay4()[pri:0, instance:myTests.Day4@971d0d8]" name="smokeTestOneDay4" class="myTests.Day4"/>
        <method signature="Day5.smokeTestOneDay5()[pri:0, instance:myTests.Day5@51931956]" name="smokeTestOneDay5" class="myTests.Day5"/>
      </group> <!-- Smoke -->
    </groups>
    <test started-at="2024-03-15T13:46:26 CET" name="Permanent Loan" finished-at="2024-03-15T13:46:26 CET" duration-ms="65">
      <class name="myTests.Day4">
        <test-method signature="apiLoginCarLoan()[pri:0, instance:myTests.Day4@971d0d8]" started-at="2024-03-15T13:46:26 CET" name="apiLoginCarLoan" finished-at="2024-03-15T13:46:26 CET" duration-ms="2" status="PASS">
          <reporter-output>
          </reporter-output>
        </test-method> <!-- apiLoginCarLoan -->
        <test-method signature="mobileLoginCarLoan()[pri:0, instance:myTests.Day4@971d0d8]" started-at="2024-03-15T13:46:26 CET" name="mobileLoginCarLoan" finished-at="2024-03-15T13:46:26 CET" duration-ms="1" status="PASS">
          <reporter-output>
          </reporter-output>
        </test-method> <!-- mobileLoginCarLoan -->
        <test-method signature="smokeTestOneDay4()[pri:0, instance:myTests.Day4@971d0d8]" started-at="2024-03-15T13:46:26 CET" name="smokeTestOneDay4" finished-at="2024-03-15T13:46:26 CET" duration-ms="1" status="PASS">
          <reporter-output>
          </reporter-output>
        </test-method> <!-- smokeTestOneDay4 -->
        <test-method signature="webLoginCarLoan()[pri:0, instance:myTests.Day4@971d0d8]" started-at="2024-03-15T13:46:26 CET" name="webLoginCarLoan" finished-at="2024-03-15T13:46:26 CET" duration-ms="0" status="PASS">
          <reporter-output>
          </reporter-output>
        </test-method> <!-- webLoginCarLoan -->
      </class> <!-- myTests.Day4 -->
      <class name="myTests.Day5">
        <test-method signature="aDay5()[pri:0, instance:myTests.Day5@51931956]" started-at="2024-03-15T13:46:26 CET" name="aDay5" finished-at="2024-03-15T13:46:26 CET" duration-ms="1" status="PASS">
          <reporter-output>
          </reporter-output>
        </test-method> <!-- aDay5 -->
        <test-method signature="bDay5()[pri:0, instance:myTests.Day5@51931956]" started-at="2024-03-15T13:46:26 CET" name="bDay5" finished-at="2024-03-15T13:46:26 CET" duration-ms="0" status="PASS">
          <reporter-output>
          </reporter-output>
        </test-method> <!-- bDay5 -->
        <test-method signature="cDay5()[pri:0, instance:myTests.Day5@51931956]" started-at="2024-03-15T13:46:26 CET" name="cDay5" finished-at="2024-03-15T13:46:26 CET" duration-ms="0" status="PASS">
          <reporter-output>
          </reporter-output>
        </test-method> <!-- cDay5 -->
        <test-method signature="smokeTestOneDay5()[pri:0, instance:myTests.Day5@51931956]" started-at="2024-03-15T13:46:26 CET" name="smokeTestOneDay5" finished-at="2024-03-15T13:46:26 CET" duration-ms="1" status="PASS">
          <reporter-output>
          </reporter-output>
        </test-method> <!-- smokeTestOneDay5 -->
      </class> <!-- myTests.Day5 -->
      <class name="myTests.Day6">
        <test-method signature="testOneDay6(java.lang.String,java.lang.String)[pri:0, instance:myTests.Day6@2b4a2ec7]" started-at="2024-03-15T13:46:26 CET" name="testOneDay6" finished-at="2024-03-15T13:46:26 CET" duration-ms="1" status="PASS">
          <params>
            <param index="0">
              <value>
                <![CDATA[loans.com]]>
              </value>
            </param>
            <param index="1">
              <value>
                <![CDATA[1234]]>
              </value>
            </param>
          </params>
          <reporter-output>
          </reporter-output>
        </test-method> <!-- testOneDay6 -->
        <test-method signature="testTwoDay6(java.lang.String,java.lang.String)[pri:0, instance:myTests.Day6@2b4a2ec7]" started-at="2024-03-15T13:46:26 CET" name="testTwoDay6" data-provider="getData" finished-at="2024-03-15T13:46:26 CET" duration-ms="0" status="PASS">
          <params>
            <param index="0">
              <value>
                <![CDATA[username1]]>
              </value>
            </param>
            <param index="1">
              <value>
                <![CDATA[password1]]>
              </value>
            </param>
          </params>
          <reporter-output>
          </reporter-output>
        </test-method> <!-- testTwoDay6 -->
        <test-method signature="testTwoDay6(java.lang.String,java.lang.String)[pri:0, instance:myTests.Day6@2b4a2ec7]" started-at="2024-03-15T13:46:26 CET" name="testTwoDay6" data-provider="getData" finished-at="2024-03-15T13:46:26 CET" duration-ms="1" status="PASS">
          <params>
            <param index="0">
              <value>
                <![CDATA[username2]]>
              </value>
            </param>
            <param index="1">
              <value>
                <![CDATA[password2]]>
              </value>
            </param>
          </params>
          <reporter-output>
          </reporter-output>
        </test-method> <!-- testTwoDay6 -->
        <test-method signature="testTwoDay6(java.lang.String,java.lang.String)[pri:0, instance:myTests.Day6@2b4a2ec7]" started-at="2024-03-15T13:46:26 CET" name="testTwoDay6" data-provider="getData" finished-at="2024-03-15T13:46:26 CET" duration-ms="1" status="PASS">
          <params>
            <param index="0">
              <value>
                <![CDATA[username3]]>
              </value>
            </param>
            <param index="1">
              <value>
                <![CDATA[password3]]>
              </value>
            </param>
          </params>
          <reporter-output>
          </reporter-output>
        </test-method> <!-- testTwoDay6 -->
      </class> <!-- myTests.Day6 -->
      <class name="myTests.Day2">
        <test-method is-config="true" signature="beforeTest()[pri:0, instance:myTests.Day2@255b53dc]" started-at="2024-03-15T13:46:26 CET" name="beforeTest" finished-at="2024-03-15T13:46:26 CET" duration-ms="0" status="PASS">
          <reporter-output>
          </reporter-output>
        </test-method> <!-- beforeTest -->
        <test-method is-config="true" signature="beforeClass()[pri:0, instance:myTests.Day2@255b53dc]" started-at="2024-03-15T13:46:26 CET" name="beforeClass" finished-at="2024-03-15T13:46:26 CET" duration-ms="0" status="PASS">
          <reporter-output>
          </reporter-output>
        </test-method> <!-- beforeClass -->
        <test-method signature="smokeTestOneDay2()[pri:0, instance:myTests.Day2@255b53dc]" started-at="2024-03-15T13:46:26 CET" name="smokeTestOneDay2" finished-at="2024-03-15T13:46:26 CET" duration-ms="0" status="PASS">
          <reporter-output>
          </reporter-output>
        </test-method> <!-- smokeTestOneDay2 -->
        <test-method signature="testDay2()[pri:0, instance:myTests.Day2@255b53dc]" started-at="2024-03-15T13:46:26 CET" name="testDay2" finished-at="2024-03-15T13:46:26 CET" duration-ms="1" status="PASS">
          <reporter-output>
          </reporter-output>
        </test-method> <!-- testDay2 -->
      </class> <!-- myTests.Day2 -->
    </test> <!-- Permanent Loan -->
    <test started-at="2024-03-15T13:46:26 CET" name="Car Loan" finished-at="2024-03-15T13:46:26 CET" duration-ms="2">
      <class name="myTests.Day3">
        <test-method is-config="true" signature="aBeforeSuite()[pri:0, instance:myTests.Day3@5d740a0f]" started-at="2024-03-15T13:46:26 CET" name="aBeforeSuite" finished-at="2024-03-15T13:46:26 CET" duration-ms="14" status="PASS">
          <reporter-output>
          </reporter-output>
        </test-method> <!-- aBeforeSuite -->
        <test-method is-config="true" signature="beforeSuite()[pri:0, instance:myTests.Day3@5d740a0f]" started-at="2024-03-15T13:46:26 CET" name="beforeSuite" finished-at="2024-03-15T13:46:26 CET" duration-ms="1" status="PASS">
          <reporter-output>
          </reporter-output>
        </test-method> <!-- beforeSuite -->
        <test-method signature="webLoginCarLoan(java.lang.String)[pri:0, instance:myTests.Day3@5d740a0f]" started-at="2024-03-15T13:46:26 CET" name="webLoginCarLoan" finished-at="2024-03-15T13:46:26 CET" duration-ms="1" status="PASS">
          <params>
            <param index="0">
              <value>
                <![CDATA[carLoan.com]]>
              </value>
            </param>
          </params>
          <reporter-output>
          </reporter-output>
        </test-method> <!-- webLoginCarLoan -->
      </class> <!-- myTests.Day3 -->
    </test> <!-- Car Loan -->
  </suite> <!-- Loans -->
</testng-results>
